<testsuites id="" name="" tests="1" failures="0" skipped="0" errors="0" time="2.9060520000000003">
<testsuite name="api/account.spec.ts" timestamp="2023-12-28T08:01:11.572Z" hostname="chrome" tests="1" failures="0" skipped="0" time="1.353" errors="0">
<testcase name="TestData Create Registration Case › Get Account ID using Name" classname="api/account.spec.ts" time="1.353">
<system-out>
<![CDATA[00D5j00000Afikb!ARoAQKgmb6Z7PDBZpnrkVVEIX0QsnXsFD1VCzs2t6OsvKoNL2QmkYnVEZVKicZ14Gd36L5Efvw9dmcopC_eFmdBiDe5wbFVQ
AccountAPIObject {
  request: [36m<ref *1>[39m APIRequestContext {
    _events: [Object: null prototype] {},
    _eventsCount: [33m0[39m,
    _maxListeners: [33m0[39m,
    _connection: Connection {
      _events: [36m[Object: null prototype][39m,
      _eventsCount: [33m1[39m,
      _maxListeners: [90mundefined[39m,
      _objects: [36m[Map][39m,
      onmessage: [36m[Function (anonymous)][39m,
      _lastId: [33m7[39m,
      _callbacks: Map(0) {},
      _rootObject: [36m[Root][39m,
      _closedErrorMessage: [90mundefined[39m,
      _isRemote: [33mfalse[39m,
      _localUtils: [36m[LocalUtils][39m,
      toImpl: [36m[Function (anonymous)][39m,
      _tracingCount: [33m0[39m,
      _instrumentation: {},
      [[32mSymbol(kCapture)[39m]: [33mfalse[39m
    },
    _parent: BrowserContext {
      _events: [36m[Object: null prototype][39m,
      _eventsCount: [33m1[39m,
      _maxListeners: [33m0[39m,
      _connection: [36m[Connection][39m,
      _parent: [36m[Browser][39m,
      _objects: [36m[Map][39m,
      _type: [32m'BrowserContext'[39m,
      _guid: [32m'browser-context@409004111c689a61f4ede3a6d9325621'[39m,
      _channel: [36m[EventEmitter][39m,
      _initializer: [36m[Object][39m,
      _logger: [90mundefined[39m,
      _instrumentation: {},
      _eventToSubscriptionMapping: [36m[Map][39m,
      _pages: Set(0) {},
      _routes: [],
      _browser: [36m[Browser][39m,
      _browserType: [36m[BrowserType][39m,
      _bindings: Map(0) {},
      _timeoutSettings: [36m[TimeoutSettings][39m,
      _ownerPage: [90mundefined[39m,
      _closedPromise: [36m[Promise][39m,
      _options: [36m[Object][39m,
      request: [36m[Circular *1][39m,
      tracing: [36m[Tracing][39m,
      _backgroundPages: Set(0) {},
      _serviceWorkers: Set(0) {},
      _isChromium: [33mtrue[39m,
      _harRecorders: Map(0) {},
      _closeWasCalled: [33mfalse[39m,
      [[32mSymbol(kCapture)[39m]: [33mfalse[39m
    },
    _objects: Map(0) {},
    _type: [32m'APIRequestContext'[39m,
    _guid: [32m'request-context@d85aacf5ed6b5943f345db2a88dfdbea'[39m,
    _channel: EventEmitter {
      _events: [Object: null prototype] {},
      _eventsCount: [33m0[39m,
      _maxListeners: [90mundefined[39m,
      _object: [36m[Circular *1][39m,
      [[32mSymbol(kCapture)[39m]: [33mfalse[39m
    },
    _initializer: { tracing: [36m[EventEmitter][39m },
    _logger: [90mundefined[39m,
    _instrumentation: {},
    _eventToSubscriptionMapping: Map(0) {},
    _request: [90mundefined[39m,
    _tracing: Tracing {
      _events: [Object: null prototype] {},
      _eventsCount: [33m0[39m,
      _maxListeners: [33m0[39m,
      _connection: [36m[Connection][39m,
      _parent: [36m[BrowserContext][39m,
      _objects: Map(0) {},
      _type: [32m'Tracing'[39m,
      _guid: [32m'tracing@deba359b142c2e14d64d29c8223fbab1'[39m,
      _channel: [36m[EventEmitter][39m,
      _initializer: {},
      _logger: [90mundefined[39m,
      _instrumentation: {},
      _eventToSubscriptionMapping: Map(0) {},
      _includeSources: [33mfalse[39m,
      _tracesDir: [32m'/Users/mohitjangra/Documents/VS Code/Aethereus/learnPlaywright2023Aethereus/test-results/.playwright-artifacts-0/traces'[39m,
      _stacksId: [90mundefined[39m,
      _isTracing: [33mfalse[39m,
      [[32mSymbol(kCapture)[39m]: [33mfalse[39m
    },
    [[32mSymbol(kCapture)[39m]: [33mfalse[39m
  }
}
Your AccountID is 0015j00001BwpTRAAZ
]]>
</system-out>
</testcase>
</testsuite>
</testsuites>